<?xml version="1.0" encoding="UTF-8"?>
<testsuite name="ru.stqa.pft.addressbook.tests.RecordDeletionTests" tests="1" skipped="0" failures="0" errors="0" timestamp="2019-12-01T16:05:45" hostname="Славян" time="0.166">
  <properties/>
  <testcase name="testRecordDeletion" classname="ru.stqa.pft.addressbook.tests.RecordDeletionTests" time="0.166"/>
  <system-out><![CDATA[]]></system-out>
  <system-err><![CDATA[Starting ChromeDriver 78.0.3904.105 (60e2d8774a8151efa6a00b1f358371b1e0e07ee2-refs/branch-heads/3904@{#877}) on port 27258
Only local connections are allowed.
Please protect ports used by ChromeDriver and related test frameworks to prevent access by malicious code.
дек. 01, 2019 7:05:45 PM org.openqa.selenium.remote.ProtocolHandshake createSession
INFO: Detected dialect: W3C
]]></system-err>
</testsuite>
